TN:
SF:src/BaseElement.ts
FN:7,(anonymous_1)
FN:24,(anonymous_2)
FN:26,(anonymous_3)
FN:33,(anonymous_4)
FN:39,(anonymous_5)
FNF:5
FNH:5
FNDA:13,(anonymous_1)
FNDA:11,(anonymous_2)
FNDA:13,(anonymous_3)
FNDA:1,(anonymous_4)
FNDA:1,(anonymous_5)
DA:7,13
DA:8,13
DA:9,13
DA:27,13
DA:28,13
DA:29,13
DA:30,13
DA:34,1
DA:35,2
DA:40,1
DA:41,1
LF:11
LH:11
BRF:0
BRH:0
end_of_record
TN:
SF:src/Observable.ts
FN:7,observable
FN:11,(anonymous_1)
FN:17,(anonymous_2)
FN:27,buildNode
FN:28,(anonymous_4)
FN:36,(anonymous_5)
FN:43,(anonymous_6)
FN:53,(anonymous_7)
FN:62,triggerListeners
FN:66,(anonymous_9)
FN:69,(anonymous_10)
FN:76,(anonymous_11)
FN:85,isObject
FN:89,isArray
FN:93,initialSetup
FNF:15
FNH:13
FNDA:22,observable
FNDA:18,(anonymous_1)
FNDA:0,(anonymous_2)
FNDA:22,buildNode
FNDA:4,(anonymous_4)
FNDA:75,(anonymous_5)
FNDA:3,(anonymous_6)
FNDA:2,(anonymous_7)
FNDA:6,triggerListeners
FNDA:4,(anonymous_9)
FNDA:2,(anonymous_10)
FNDA:0,(anonymous_11)
FNDA:27,isObject
FNDA:12,isArray
FNDA:22,initialSetup
DA:8,22
DA:9,22
DA:11,22
DA:12,18
DA:13,6
DA:14,12
DA:15,0
DA:16,0
DA:17,0
DA:20,12
DA:24,22
DA:28,22
DA:29,4
DA:30,4
DA:32,4
DA:35,22
DA:37,75
DA:38,20
DA:40,55
DA:41,55
DA:44,3
DA:46,3
DA:47,2
DA:48,2
DA:51,3
DA:52,3
DA:53,2
DA:54,2
DA:57,3
DA:63,6
DA:64,4
DA:66,2
DA:67,4
DA:68,2
DA:69,2
DA:70,2
DA:74,4
DA:75,4
DA:76,0
DA:77,0
DA:80,4
DA:86,27
DA:90,12
DA:94,22
DA:101,22
LF:45
LH:40
BRDA:12,0,0,6
BRDA:12,0,1,12
BRDA:12,1,0,18
BRDA:12,1,1,6
BRDA:14,2,0,0
BRDA:14,2,1,12
BRDA:14,3,0,12
BRDA:14,3,1,0
BRDA:16,4,0,0
BRDA:16,4,1,0
BRDA:16,5,0,0
BRDA:16,5,1,0
BRDA:29,6,0,4
BRDA:29,6,1,0
BRDA:37,7,0,20
BRDA:37,7,1,55
BRDA:37,8,0,75
BRDA:37,8,1,68
BRDA:37,8,2,67
BRDA:46,9,0,2
BRDA:46,9,1,1
BRDA:46,10,0,3
BRDA:46,10,1,3
BRDA:52,11,0,2
BRDA:52,11,1,1
BRDA:63,12,0,4
BRDA:63,12,1,2
BRDA:67,13,0,2
BRDA:67,13,1,2
BRDA:68,14,0,2
BRDA:68,14,1,0
BRDA:75,15,0,0
BRDA:75,15,1,4
BRDA:86,16,0,27
BRDA:86,16,1,10
BRDA:90,17,0,12
BRDA:90,17,1,0
BRF:37
BRH:27
end_of_record
TN:
SF:src/jsx.ts
FN:1,h
FN:7,render
FN:10,(anonymous_2)
FN:14,(anonymous_3)
FN:20,(anonymous_4)
FN:35,(anonymous_5)
FNF:6
FNH:6
FNDA:73,h
FNDA:73,render
FNDA:73,(anonymous_2)
FNDA:223,(anonymous_3)
FNDA:61,(anonymous_4)
FNDA:63,(anonymous_5)
DA:2,73
DA:5,1
DA:8,73
DA:9,73
DA:10,73
DA:11,73
DA:12,73
DA:14,223
DA:17,73
DA:19,73
DA:20,45
DA:21,61
DA:22,1
DA:23,1
DA:25,60
DA:26,38
DA:28,60
DA:29,60
DA:30,60
DA:34,73
DA:35,73
DA:36,63
DA:37,13
DA:39,50
DA:40,1
DA:42,49
DA:46,73
LF:27
LH:27
BRDA:19,0,0,45
BRDA:19,0,1,28
BRDA:21,1,0,1
BRDA:21,1,1,60
BRDA:21,2,0,61
BRDA:21,2,1,1
BRDA:25,3,0,38
BRDA:25,3,1,22
BRDA:34,4,0,73
BRDA:34,4,1,0
BRDA:36,5,0,13
BRDA:36,5,1,50
BRDA:39,6,0,1
BRDA:39,6,1,49
BRDA:39,7,0,50
BRDA:39,7,1,49
BRF:16
BRH:15
end_of_record
TN:
SF:src/decorators/define.ts
FN:1,define
FN:2,(anonymous_1)
FNF:2
FNH:2
FNDA:3,define
FNDA:3,(anonymous_1)
DA:2,3
DA:3,3
DA:7,3
LF:3
LH:3
BRDA:3,0,0,3
BRDA:3,0,1,3
BRF:2
BRH:2
end_of_record
TN:
SF:src/decorators/hasJsxTemplate.ts
FN:4,hasJsxTemplate
FN:5,(anonymous_1)
FN:7,(anonymous_2)
FNF:3
FNH:3
FNDA:1,hasJsxTemplate
FNDA:1,(anonymous_1)
FNDA:14,(anonymous_2)
DA:5,1
DA:6,1
DA:7,1
DA:8,14
DA:9,14
DA:10,14
DA:12,14
DA:14,14
LF:8
LH:8
BRF:0
BRH:0
end_of_record
TN:
SF:src/decorators/hasObservableProps.ts
FN:3,hasObservableProps
FN:4,(anonymous_1)
FN:5,(anonymous_2)
FNF:3
FNH:3
FNDA:1,hasObservableProps
FNDA:1,(anonymous_1)
FNDA:13,(anonymous_2)
DA:4,1
DA:5,1
DA:6,13
LF:3
LH:3
BRF:0
BRH:0
end_of_record
TN:
SF:src/decorators/hasObservableState.ts
FN:3,hasObservableState
FN:4,(anonymous_1)
FN:5,(anonymous_2)
FNF:3
FNH:3
FNDA:1,hasObservableState
FNDA:1,(anonymous_1)
FNDA:13,(anonymous_2)
DA:4,1
DA:5,1
DA:6,13
DA:7,1
LF:4
LH:4
BRDA:6,0,0,1
BRDA:6,0,1,12
BRF:2
BRH:2
end_of_record
TN:
SF:src/decorators/hasRefs.ts
FN:3,hasRefs
FN:4,(anonymous_1)
FN:7,(anonymous_2)
FN:11,(anonymous_3)
FNF:4
FNH:4
FNDA:1,hasRefs
FNDA:1,(anonymous_1)
FNDA:9,(anonymous_2)
FNDA:9,(anonymous_3)
DA:4,1
DA:5,1
DA:6,1
DA:8,9
DA:12,9
LF:5
LH:5
BRF:0
BRH:0
end_of_record
TN:
SF:src/decorators/hasShadowDom.ts
FN:1,hasShadowDom
FN:2,(anonymous_1)
FN:5,(anonymous_2)
FNF:3
FNH:3
FNDA:2,hasShadowDom
FNDA:2,(anonymous_1)
FNDA:35,(anonymous_2)
DA:2,2
DA:3,2
DA:4,1
DA:6,35
DA:7,13
DA:9,35
LF:6
LH:6
BRDA:1,0,0,2
BRDA:3,1,0,1
BRDA:3,1,1,1
BRDA:6,2,0,13
BRDA:6,2,1,22
BRF:5
BRH:5
end_of_record
