TN:
SF:src/BaseElement.ts
FN:7,(anonymous_1)
FN:24,(anonymous_2)
FN:26,(anonymous_3)
FN:33,(anonymous_4)
FN:39,(anonymous_5)
FNF:5
FNH:5
FNDA:13,(anonymous_1)
FNDA:11,(anonymous_2)
FNDA:13,(anonymous_3)
FNDA:1,(anonymous_4)
FNDA:1,(anonymous_5)
DA:7,13
DA:8,13
DA:9,13
DA:27,13
DA:28,13
DA:29,13
DA:30,13
DA:34,1
DA:35,2
DA:40,1
DA:41,1
LF:11
LH:11
BRF:0
BRH:0
end_of_record
TN:
SF:src/Observable.ts
FN:7,observable
FN:11,(anonymous_1)
FN:17,(anonymous_2)
FN:29,buildNode
FN:30,(anonymous_4)
FN:38,(anonymous_5)
FN:45,(anonymous_6)
FN:55,(anonymous_7)
FN:64,triggerListeners
FN:68,(anonymous_9)
FN:72,(anonymous_10)
FN:79,(anonymous_11)
FN:88,isObject
FN:92,isArray
FN:96,initialSetup
FNF:15
FNH:14
FNDA:56,observable
FNDA:53,(anonymous_1)
FNDA:7,(anonymous_2)
FNDA:56,buildNode
FNDA:16,(anonymous_4)
FNDA:208,(anonymous_5)
FNDA:16,(anonymous_6)
FNDA:12,(anonymous_7)
FNDA:12,triggerListeners
FNDA:8,(anonymous_9)
FNDA:3,(anonymous_10)
FNDA:0,(anonymous_11)
FNDA:90,isObject
FNDA:39,isArray
FNDA:56,initialSetup
DA:8,56
DA:9,56
DA:11,56
DA:12,53
DA:13,15
DA:14,38
DA:15,8
DA:16,8
DA:17,7
DA:18,1
DA:19,1
DA:22,30
DA:26,56
DA:30,56
DA:31,16
DA:32,15
DA:34,16
DA:37,56
DA:39,208
DA:40,69
DA:42,139
DA:43,139
DA:46,16
DA:48,16
DA:49,4
DA:50,4
DA:53,16
DA:54,16
DA:55,11
DA:56,12
DA:59,16
DA:65,12
DA:66,8
DA:68,4
DA:70,8
DA:71,4
DA:72,3
DA:73,3
DA:77,8
DA:78,8
DA:79,0
DA:80,0
DA:83,8
DA:89,90
DA:93,39
DA:97,56
DA:104,56
LF:47
LH:45
BRDA:12,0,0,15
BRDA:12,0,1,38
BRDA:12,1,0,53
BRDA:12,1,1,15
BRDA:14,2,0,8
BRDA:14,2,1,30
BRDA:14,3,0,38
BRDA:14,3,1,11
BRDA:16,4,0,7
BRDA:16,4,1,1
BRDA:16,5,0,8
BRDA:16,5,1,7
BRDA:18,6,0,1
BRDA:18,6,1,0
BRDA:18,7,0,1
BRDA:18,7,1,1
BRDA:31,8,0,15
BRDA:31,8,1,1
BRDA:39,9,0,69
BRDA:39,9,1,139
BRDA:39,10,0,208
BRDA:39,10,1,196
BRDA:39,10,2,195
BRDA:48,11,0,4
BRDA:48,11,1,12
BRDA:48,12,0,16
BRDA:48,12,1,16
BRDA:54,13,0,11
BRDA:54,13,1,5
BRDA:65,14,0,8
BRDA:65,14,1,4
BRDA:70,15,0,4
BRDA:70,15,1,4
BRDA:71,16,0,3
BRDA:71,16,1,1
BRDA:78,17,0,0
BRDA:78,17,1,8
BRDA:89,18,0,90
BRDA:89,18,1,45
BRDA:93,19,0,39
BRDA:93,19,1,11
BRF:41
BRH:39
end_of_record
TN:
SF:src/jsx.ts
FN:1,h
FN:7,render
FN:10,(anonymous_2)
FN:14,(anonymous_3)
FN:20,(anonymous_4)
FN:35,(anonymous_5)
FNF:6
FNH:6
FNDA:73,h
FNDA:73,render
FNDA:73,(anonymous_2)
FNDA:223,(anonymous_3)
FNDA:61,(anonymous_4)
FNDA:63,(anonymous_5)
DA:2,73
DA:5,1
DA:8,73
DA:9,73
DA:10,73
DA:11,73
DA:12,73
DA:14,223
DA:17,73
DA:19,73
DA:20,45
DA:21,61
DA:22,1
DA:23,1
DA:25,60
DA:26,38
DA:28,60
DA:29,60
DA:30,60
DA:34,73
DA:35,73
DA:36,63
DA:37,13
DA:39,50
DA:40,1
DA:42,49
DA:46,73
LF:27
LH:27
BRDA:19,0,0,45
BRDA:19,0,1,28
BRDA:21,1,0,1
BRDA:21,1,1,60
BRDA:21,2,0,61
BRDA:21,2,1,1
BRDA:25,3,0,38
BRDA:25,3,1,22
BRDA:34,4,0,73
BRDA:34,4,1,0
BRDA:36,5,0,13
BRDA:36,5,1,50
BRDA:39,6,0,1
BRDA:39,6,1,49
BRDA:39,7,0,50
BRDA:39,7,1,49
BRF:16
BRH:15
end_of_record
TN:
SF:src/decorators/define.ts
FN:1,define
FN:2,(anonymous_1)
FNF:2
FNH:2
FNDA:3,define
FNDA:3,(anonymous_1)
DA:2,3
DA:3,3
DA:7,3
LF:3
LH:3
BRDA:3,0,0,3
BRDA:3,0,1,3
BRF:2
BRH:2
end_of_record
TN:
SF:src/decorators/hasJsxTemplate.ts
FN:4,hasJsxTemplate
FN:5,(anonymous_1)
FN:7,(anonymous_2)
FNF:3
FNH:3
FNDA:1,hasJsxTemplate
FNDA:1,(anonymous_1)
FNDA:14,(anonymous_2)
DA:5,1
DA:6,1
DA:7,1
DA:8,14
DA:9,14
DA:10,14
DA:12,14
DA:14,14
LF:8
LH:8
BRF:0
BRH:0
end_of_record
TN:
SF:src/decorators/hasObservableProps.ts
FN:3,hasObservableProps
FN:4,(anonymous_1)
FN:5,(anonymous_2)
FNF:3
FNH:3
FNDA:1,hasObservableProps
FNDA:1,(anonymous_1)
FNDA:13,(anonymous_2)
DA:4,1
DA:5,1
DA:6,13
LF:3
LH:3
BRF:0
BRH:0
end_of_record
TN:
SF:src/decorators/hasObservableState.ts
FN:3,hasObservableState
FN:4,(anonymous_1)
FN:5,(anonymous_2)
FNF:3
FNH:3
FNDA:1,hasObservableState
FNDA:1,(anonymous_1)
FNDA:13,(anonymous_2)
DA:4,1
DA:5,1
DA:6,13
DA:7,1
LF:4
LH:4
BRDA:6,0,0,1
BRDA:6,0,1,12
BRF:2
BRH:2
end_of_record
TN:
SF:src/decorators/hasRefs.ts
FN:3,hasRefs
FN:4,(anonymous_1)
FN:7,(anonymous_2)
FN:11,(anonymous_3)
FNF:4
FNH:4
FNDA:1,hasRefs
FNDA:1,(anonymous_1)
FNDA:9,(anonymous_2)
FNDA:9,(anonymous_3)
DA:4,1
DA:5,1
DA:6,1
DA:8,9
DA:12,9
LF:5
LH:5
BRF:0
BRH:0
end_of_record
TN:
SF:src/decorators/hasShadowDom.ts
FN:1,hasShadowDom
FN:2,(anonymous_1)
FN:5,(anonymous_2)
FNF:3
FNH:3
FNDA:2,hasShadowDom
FNDA:2,(anonymous_1)
FNDA:35,(anonymous_2)
DA:2,2
DA:3,2
DA:4,1
DA:6,35
DA:7,13
DA:9,35
LF:6
LH:6
BRDA:1,0,0,2
BRDA:3,1,0,1
BRDA:3,1,1,1
BRDA:6,2,0,13
BRDA:6,2,1,22
BRF:5
BRH:5
end_of_record
